Traceback (most recent call last):
  File "/usr/local/lib/python3.9/site-packages/jupyter_cache/executors/utils.py", line 51, in single_nb_execution
    executenb(
  File "/usr/local/lib/python3.9/site-packages/nbclient/client.py", line 1087, in execute
    return NotebookClient(nb=nb, resources=resources, km=km, **kwargs).execute()
  File "/usr/local/lib/python3.9/site-packages/nbclient/util.py", line 74, in wrapped
    return just_run(coro(*args, **kwargs))
  File "/usr/local/lib/python3.9/site-packages/nbclient/util.py", line 53, in just_run
    return loop.run_until_complete(coro)
  File "/usr/local/Cellar/python@3.9/3.9.5/Frameworks/Python.framework/Versions/3.9/lib/python3.9/asyncio/base_events.py", line 642, in run_until_complete
    return future.result()
  File "/usr/local/lib/python3.9/site-packages/nbclient/client.py", line 540, in async_execute
    await self.async_execute_cell(
  File "/usr/local/lib/python3.9/site-packages/nbclient/client.py", line 832, in async_execute_cell
    self._check_raise_for_error(cell, exec_reply)
  File "/usr/local/lib/python3.9/site-packages/nbclient/client.py", line 740, in _check_raise_for_error
    raise CellExecutionError.from_cell_and_msg(cell, exec_reply['content'])
nbclient.exceptions.CellExecutionError: An error occurred while executing the following cell:
------------------
from chemlib import Galvanic_Cell
g = Galvanic_Cell("Pb", "Zn")
------------------

[0;31m---------------------------------------------------------------------------[0m
[0;31mOSError[0m                                   Traceback (most recent call last)
[0;32m<ipython-input-13-efb2c2db0f38>[0m in [0;36m<module>[0;34m[0m
[1;32m      1[0m [0;32mfrom[0m [0mchemlib[0m [0;32mimport[0m [0mGalvanic_Cell[0m[0;34m[0m[0;34m[0m[0m
[0;32m----> 2[0;31m [0mg[0m [0;34m=[0m [0mGalvanic_Cell[0m[0;34m([0m[0;34m"Pb"[0m[0;34m,[0m [0;34m"Zn"[0m[0;34m)[0m[0;34m[0m[0;34m[0m[0m
[0m
[0;32m/usr/local/lib/python3.9/site-packages/chemlib/electrochemistry.py[0m in [0;36m__init__[0;34m(self, electrode1, electrode2)[0m
[1;32m     58[0m         }
[1;32m     59[0m [0;34m[0m[0m
[0;32m---> 60[0;31m         [0mself[0m[0;34m.[0m[0mdraw[0m[0;34m([0m[0;34m)[0m[0;34m[0m[0;34m[0m[0m
[0m[1;32m     61[0m [0;34m[0m[0m
[1;32m     62[0m     [0;32mdef[0m [0mdraw[0m[0;34m([0m[0mself[0m[0;34m)[0m[0;34m:[0m[0;34m[0m[0;34m[0m[0m

[0;32m/usr/local/lib/python3.9/site-packages/chemlib/electrochemistry.py[0m in [0;36mdraw[0;34m(self)[0m
[1;32m     67[0m         [0meditor[0m [0;34m=[0m [0mImageDraw[0m[0;34m.[0m[0mDraw[0m[0;34m([0m[0mimg[0m[0;34m)[0m[0;34m[0m[0;34m[0m[0m
[1;32m     68[0m         [0;31m# Line Notation[0m[0;34m[0m[0;34m[0m[0;34m[0m[0m
[0;32m---> 69[0;31m         [0meditor[0m[0;34m.[0m[0mtext[0m[0;34m([0m[0;34m([0m[0;36m160[0m[0;34m,[0m [0;36m4[0m[0;34m)[0m[0;34m,[0m [0mself[0m[0;34m.[0m[0mline_notation[0m[0;34m,[0m [0;34m([0m[0;36m0[0m[0;34m,[0m [0;36m0[0m[0;34m,[0m [0;36m0[0m[0;34m)[0m[0;34m,[0m [0mfont[0m [0;34m=[0m [0mfont[0m[0;34m([0m[0;36m24[0m[0;34m)[0m[0;34m)[0m[0;34m[0m[0;34m[0m[0m
[0m[1;32m     70[0m         [0;31m# Cell pot[0m[0;34m[0m[0;34m[0m[0;34m[0m[0m
[1;32m     71[0m         [0meditor[0m[0;34m.[0m[0mtext[0m[0;34m([0m[0;34m([0m[0;36m250[0m[0;34m,[0m [0;36m40[0m[0;34m)[0m[0;34m,[0m [0;34mf"{self.E0}V"[0m[0;34m,[0m [0;34m([0m[0;36m255[0m[0;34m,[0m [0;36m0[0m[0;34m,[0m [0;36m0[0m[0;34m)[0m[0;34m,[0m [0mfont[0m [0;34m=[0m [0mfont[0m[0;34m([0m[0;36m20[0m[0;34m)[0m[0;34m)[0m[0;34m[0m[0;34m[0m[0m

[0;32m/usr/local/lib/python3.9/site-packages/chemlib/electrochemistry.py[0m in [0;36mfont[0;34m(size)[0m
[1;32m     62[0m     [0;32mdef[0m [0mdraw[0m[0;34m([0m[0mself[0m[0;34m)[0m[0;34m:[0m[0;34m[0m[0;34m[0m[0m
[1;32m     63[0m         [0;32mdef[0m [0mfont[0m[0;34m([0m[0msize[0m[0;34m)[0m[0;34m:[0m[0;34m[0m[0;34m[0m[0m
[0;32m---> 64[0;31m             [0;32mreturn[0m [0mImageFont[0m[0;34m.[0m[0mtruetype[0m[0;34m([0m[0;34m"arial.ttf"[0m[0;34m,[0m [0msize[0m[0;34m,[0m [0mencoding[0m[0;34m=[0m[0;34m"unic"[0m[0;34m)[0m[0;34m[0m[0;34m[0m[0m
[0m[1;32m     65[0m [0;34m[0m[0m
[1;32m     66[0m         [0mimg[0m [0;34m=[0m [0mImage[0m[0;34m.[0m[0mopen[0m[0;34m([0m[0mDIAGRAM_PATH[0m[0;34m)[0m[0;34m[0m[0;34m[0m[0m

[0;32m/usr/local/lib/python3.9/site-packages/PIL/ImageFont.py[0m in [0;36mtruetype[0;34m(font, size, index, encoding, layout_engine)[0m
[1;32m    850[0m [0;34m[0m[0m
[1;32m    851[0m     [0;32mtry[0m[0;34m:[0m[0;34m[0m[0;34m[0m[0m
[0;32m--> 852[0;31m         [0;32mreturn[0m [0mfreetype[0m[0;34m([0m[0mfont[0m[0;34m)[0m[0;34m[0m[0;34m[0m[0m
[0m[1;32m    853[0m     [0;32mexcept[0m [0mOSError[0m[0;34m:[0m[0;34m[0m[0;34m[0m[0m
[1;32m    854[0m         [0;32mif[0m [0;32mnot[0m [0misPath[0m[0;34m([0m[0mfont[0m[0;34m)[0m[0;34m:[0m[0;34m[0m[0;34m[0m[0m

[0;32m/usr/local/lib/python3.9/site-packages/PIL/ImageFont.py[0m in [0;36mfreetype[0;34m(font)[0m
[1;32m    847[0m [0;34m[0m[0m
[1;32m    848[0m     [0;32mdef[0m [0mfreetype[0m[0;34m([0m[0mfont[0m[0;34m)[0m[0;34m:[0m[0;34m[0m[0;34m[0m[0m
[0;32m--> 849[0;31m         [0;32mreturn[0m [0mFreeTypeFont[0m[0;34m([0m[0mfont[0m[0;34m,[0m [0msize[0m[0;34m,[0m [0mindex[0m[0;34m,[0m [0mencoding[0m[0;34m,[0m [0mlayout_engine[0m[0;34m)[0m[0;34m[0m[0;34m[0m[0m
[0m[1;32m    850[0m [0;34m[0m[0m
[1;32m    851[0m     [0;32mtry[0m[0;34m:[0m[0;34m[0m[0;34m[0m[0m

[0;32m/usr/local/lib/python3.9/site-packages/PIL/ImageFont.py[0m in [0;36m__init__[0;34m(self, font, size, index, encoding, layout_engine)[0m
[1;32m    207[0m                         [0mload_from_bytes[0m[0;34m([0m[0mf[0m[0;34m)[0m[0;34m[0m[0;34m[0m[0m
[1;32m    208[0m                     [0;32mreturn[0m[0;34m[0m[0;34m[0m[0m
[0;32m--> 209[0;31m             self.font = core.getfont(
[0m[1;32m    210[0m                 [0mfont[0m[0;34m,[0m [0msize[0m[0;34m,[0m [0mindex[0m[0;34m,[0m [0mencoding[0m[0;34m,[0m [0mlayout_engine[0m[0;34m=[0m[0mlayout_engine[0m[0;34m[0m[0;34m[0m[0m
[1;32m    211[0m             )

[0;31mOSError[0m: cannot open resource
OSError: cannot open resource

