Traceback (most recent call last):
  File "/usr/local/lib/python3.9/site-packages/jupyter_cache/executors/utils.py", line 51, in single_nb_execution
    executenb(
  File "/usr/local/lib/python3.9/site-packages/nbclient/client.py", line 1087, in execute
    return NotebookClient(nb=nb, resources=resources, km=km, **kwargs).execute()
  File "/usr/local/lib/python3.9/site-packages/nbclient/util.py", line 74, in wrapped
    return just_run(coro(*args, **kwargs))
  File "/usr/local/lib/python3.9/site-packages/nbclient/util.py", line 53, in just_run
    return loop.run_until_complete(coro)
  File "/usr/local/Cellar/python@3.9/3.9.5/Frameworks/Python.framework/Versions/3.9/lib/python3.9/asyncio/base_events.py", line 642, in run_until_complete
    return future.result()
  File "/usr/local/lib/python3.9/site-packages/nbclient/client.py", line 540, in async_execute
    await self.async_execute_cell(
  File "/usr/local/lib/python3.9/site-packages/nbclient/client.py", line 832, in async_execute_cell
    self._check_raise_for_error(cell, exec_reply)
  File "/usr/local/lib/python3.9/site-packages/nbclient/client.py", line 740, in _check_raise_for_error
    raise CellExecutionError.from_cell_and_msg(cell, exec_reply['content'])
nbclient.exceptions.CellExecutionError: An error occurred while executing the following cell:
------------------
def smilesH(m):
    return Chem.AddHs(Chem.MolFromSmiles(m))

bromomethane = smilesH('CBr')
bromoethane = smilesH('CCBr')
_2_bromopropane =  smilesH('CC(Br)C')
_2_bromo_2_methylpropane = smilesH('CC(Br)(C)C')

my_molecules = [bromomethane, 
                bromoethane,
                _2_bromopropane,
                _2_bromo_2_methylpropane,
               ]

Draw.MolsToGridImage(my_molecules, useSVG=True)
------------------

[0;31m---------------------------------------------------------------------------[0m
[0;31mNameError[0m                                 Traceback (most recent call last)
[0;32m<ipython-input-4-736648198be4>[0m in [0;36m<module>[0;34m[0m
[1;32m     13[0m                ]
[1;32m     14[0m [0;34m[0m[0m
[0;32m---> 15[0;31m [0mDraw[0m[0;34m.[0m[0mMolsToGridImage[0m[0;34m([0m[0mmy_molecules[0m[0;34m,[0m [0museSVG[0m[0;34m=[0m[0;32mTrue[0m[0;34m)[0m[0;34m[0m[0;34m[0m[0m
[0m
[0;31mNameError[0m: name 'Draw' is not defined
NameError: name 'Draw' is not defined

