Traceback (most recent call last):
  File "/usr/local/lib/python3.9/site-packages/jupyter_cache/executors/utils.py", line 51, in single_nb_execution
    executenb(
  File "/usr/local/lib/python3.9/site-packages/nbclient/client.py", line 1087, in execute
    return NotebookClient(nb=nb, resources=resources, km=km, **kwargs).execute()
  File "/usr/local/lib/python3.9/site-packages/nbclient/util.py", line 74, in wrapped
    return just_run(coro(*args, **kwargs))
  File "/usr/local/lib/python3.9/site-packages/nbclient/util.py", line 53, in just_run
    return loop.run_until_complete(coro)
  File "/usr/local/Cellar/python@3.9/3.9.7_1/Frameworks/Python.framework/Versions/3.9/lib/python3.9/asyncio/base_events.py", line 642, in run_until_complete
    return future.result()
  File "/usr/local/lib/python3.9/site-packages/nbclient/client.py", line 540, in async_execute
    await self.async_execute_cell(
  File "/usr/local/lib/python3.9/site-packages/nbclient/client.py", line 832, in async_execute_cell
    self._check_raise_for_error(cell, exec_reply)
  File "/usr/local/lib/python3.9/site-packages/nbclient/client.py", line 740, in _check_raise_for_error
    raise CellExecutionError.from_cell_and_msg(cell, exec_reply['content'])
nbclient.exceptions.CellExecutionError: An error occurred while executing the following cell:
------------------
quadratic(a, b, c)
------------------

[0;31m---------------------------------------------------------------------------[0m
[0;31mValueError[0m                                Traceback (most recent call last)
[0;32m<ipython-input-9-66e19d805ec3>[0m in [0;36m<module>[0;34m[0m
[0;32m----> 1[0;31m [0mquadratic[0m[0;34m([0m[0ma[0m[0;34m,[0m [0mb[0m[0;34m,[0m [0mc[0m[0;34m)[0m[0;34m[0m[0;34m[0m[0m
[0m
[0;32m/usr/local/lib/python3.9/site-packages/handcalcs/decorator.py[0m in [0;36mwrapper[0;34m(*args, **kwargs)[0m
[1;32m     18[0m             [0mcell_source[0m [0;34m=[0m [0m_func_source_to_cell[0m[0;34m([0m[0mfunc_source[0m[0;34m)[0m[0;34m[0m[0;34m[0m[0m
[1;32m     19[0m             [0;31m# use innerscope to get the values of locals, closures, and globals when calling func[0m[0;34m[0m[0;34m[0m[0m
[0;32m---> 20[0;31m             [0mscope[0m [0;34m=[0m [0minnerscope[0m[0;34m.[0m[0mcall[0m[0;34m([0m[0mfunc[0m[0;34m,[0m [0;34m*[0m[0margs[0m[0;34m,[0m [0;34m**[0m[0mkwargs[0m[0;34m)[0m[0;34m[0m[0;34m[0m[0m
[0m[1;32m     21[0m             [0mLatexRenderer[0m[0;34m.[0m[0mdec_sep[0m [0;34m=[0m [0mdecimal_separator[0m[0;34m[0m[0;34m[0m[0m
[1;32m     22[0m             [0mrenderer[0m [0;34m=[0m [0mLatexRenderer[0m[0;34m([0m[0mcell_source[0m[0;34m,[0m [0mscope[0m[0;34m,[0m [0mline_args[0m[0;34m)[0m[0;34m[0m[0;34m[0m[0m

[0;32m/usr/local/lib/python3.9/site-packages/innerscope/core.py[0m in [0;36mcall[0;34m(*func_and_args, **kwargs)[0m
[1;32m    708[0m     [0mfunc[0m[0;34m,[0m [0;34m*[0m[0margs[0m [0;34m=[0m [0mfunc_and_args[0m[0;34m[0m[0;34m[0m[0m
[1;32m    709[0m     [0mscoped[0m [0;34m=[0m [0mScopedFunction[0m[0;34m([0m[0mfunc[0m[0;34m)[0m[0;34m[0m[0;34m[0m[0m
[0;32m--> 710[0;31m     [0;32mreturn[0m [0mscoped[0m[0;34m([0m[0;34m*[0m[0margs[0m[0;34m,[0m [0;34m**[0m[0mkwargs[0m[0;34m)[0m[0;34m[0m[0;34m[0m[0m
[0m[1;32m    711[0m [0;34m[0m[0m
[1;32m    712[0m [0;34m[0m[0m

[0;32m/usr/local/lib/python3.9/site-packages/innerscope/core.py[0m in [0;36m__call__[0;34m(self, *args, **kwargs)[0m
[1;32m    463[0m         [0mfunc[0m[0;34m.[0m[0m__kwdefaults__[0m [0;34m=[0m [0mself[0m[0;34m.[0m[0mfunc[0m[0;34m.[0m[0m__kwdefaults__[0m[0;34m[0m[0;34m[0m[0m
[1;32m    464[0m         [0;32mtry[0m[0;34m:[0m[0;34m[0m[0;34m[0m[0m
[0;32m--> 465[0;31m             [0mresults[0m [0;34m=[0m [0mfunc[0m[0;34m([0m[0;34m*[0m[0margs[0m[0;34m,[0m [0;34m**[0m[0mkwargs[0m[0;34m)[0m[0;34m[0m[0;34m[0m[0m
[0m[1;32m    466[0m         [0;32mexcept[0m [0mUnboundLocalError[0m [0;32mas[0m [0mexc[0m[0;34m:[0m[0;34m[0m[0;34m[0m[0m
[1;32m    467[0m             [0mmessage[0m [0;34m=[0m [0mexc[0m[0;34m.[0m[0margs[0m [0;32mand[0m [0mexc[0m[0;34m.[0m[0margs[0m[0;34m[[0m[0;36m0[0m[0;34m][0m [0;32mor[0m [0;34m""[0m[0;34m[0m[0;34m[0m[0m

[0;32m<ipython-input-8-fbdbf40a4b86>[0m in [0;36mquadratic[0;34m(a, b, c)[0m
[1;32m      7[0m     [0mb[0m[0;34m[0m[0;34m[0m[0m
[1;32m      8[0m     [0mc[0m[0;34m[0m[0;34m[0m[0m
[0;32m----> 9[0;31m     [0mx_1[0m [0;34m=[0m [0;34m([0m[0;34m-[0m[0mb[0m [0;34m+[0m [0msqrt[0m[0;34m([0m[0mb[0m[0;34m**[0m[0;36m2[0m [0;34m-[0m [0;36m4[0m[0;34m*[0m[0ma[0m[0;34m*[0m[0mc[0m[0;34m)[0m[0;34m)[0m [0;34m/[0m [0;34m([0m[0;36m2[0m[0;34m*[0m[0ma[0m[0;34m)[0m[0;34m[0m[0;34m[0m[0m
[0m[1;32m     10[0m     [0mx_2[0m [0;34m=[0m [0;34m([0m[0;34m-[0m[0mb[0m [0;34m-[0m [0msqrt[0m[0;34m([0m[0mb[0m[0;34m**[0m[0;36m2[0m [0;34m-[0m [0;36m4[0m[0;34m*[0m[0ma[0m[0;34m*[0m[0mc[0m[0;34m)[0m[0;34m)[0m [0;34m/[0m [0;34m([0m[0;36m2[0m[0;34m*[0m[0ma[0m[0;34m)[0m[0;34m[0m[0;34m[0m[0m

[0;31mValueError[0m: math domain error
ValueError: math domain error

