Traceback (most recent call last):
  File "/usr/local/lib/python3.9/site-packages/jupyter_cache/executors/utils.py", line 51, in single_nb_execution
    executenb(
  File "/usr/local/lib/python3.9/site-packages/nbclient/client.py", line 1087, in execute
    return NotebookClient(nb=nb, resources=resources, km=km, **kwargs).execute()
  File "/usr/local/lib/python3.9/site-packages/nbclient/util.py", line 74, in wrapped
    return just_run(coro(*args, **kwargs))
  File "/usr/local/lib/python3.9/site-packages/nbclient/util.py", line 53, in just_run
    return loop.run_until_complete(coro)
  File "/usr/local/Cellar/python@3.9/3.9.5/Frameworks/Python.framework/Versions/3.9/lib/python3.9/asyncio/base_events.py", line 642, in run_until_complete
    return future.result()
  File "/usr/local/lib/python3.9/site-packages/nbclient/client.py", line 540, in async_execute
    await self.async_execute_cell(
  File "/usr/local/lib/python3.9/site-packages/nbclient/client.py", line 832, in async_execute_cell
    self._check_raise_for_error(cell, exec_reply)
  File "/usr/local/lib/python3.9/site-packages/nbclient/client.py", line 740, in _check_raise_for_error
    raise CellExecutionError.from_cell_and_msg(cell, exec_reply['content'])
nbclient.exceptions.CellExecutionError: An error occurred while executing the following cell:
------------------
_compound_latex = '$\ce{'+compound.molecular_formula+'}$' 

# Save a reference to the Latex equivalent of the compound name and formula
glue("compoundName", compound.iupac_name, display=False)
glue("compoundLatex", Latex(_compound_latex), display=False)

compound.molecular_formula
------------------

[0;31m---------------------------------------------------------------------------[0m
[0;31mNameError[0m                                 Traceback (most recent call last)
[0;32m<ipython-input-8-e1eb6d2fe0c4>[0m in [0;36m<module>[0;34m[0m
[1;32m      3[0m [0;31m# Save a reference to the Latex equivalent of the compound name and formula[0m[0;34m[0m[0;34m[0m[0;34m[0m[0m
[1;32m      4[0m [0mglue[0m[0;34m([0m[0;34m"compoundName"[0m[0;34m,[0m [0mcompound[0m[0;34m.[0m[0miupac_name[0m[0;34m,[0m [0mdisplay[0m[0;34m=[0m[0;32mFalse[0m[0;34m)[0m[0;34m[0m[0;34m[0m[0m
[0;32m----> 5[0;31m [0mglue[0m[0;34m([0m[0;34m"compoundLatex"[0m[0;34m,[0m [0mLatex[0m[0;34m([0m[0m_compound_latex[0m[0;34m)[0m[0;34m,[0m [0mdisplay[0m[0;34m=[0m[0;32mFalse[0m[0;34m)[0m[0;34m[0m[0;34m[0m[0m
[0m[1;32m      6[0m [0;34m[0m[0m
[1;32m      7[0m [0mcompound[0m[0;34m.[0m[0mmolecular_formula[0m[0;34m[0m[0;34m[0m[0m

[0;31mNameError[0m: name 'Latex' is not defined
NameError: name 'Latex' is not defined

